000 (7540486.001.000) 10/29 05:39:34 Job submitted from host: <188.185.121.235:9618?addrs=188.185.121.235-9618+[2001-1458-d00-49--100-36e]-9618&alias=bigbird22.cern.ch&noUDP&sock=schedd_2043_e813>
...
040 (7540486.001.000) 10/29 05:40:08 Started transferring input files
	Transferring to host: <188.185.194.73:9618?addrs=188.185.194.73-9618+[2001-1458-303-21--100-45]-9618&alias=b9p20p4442.cern.ch&noUDP&sock=slot1_12_6059_dd0f_13301>
...
040 (7540486.001.000) 10/29 05:40:08 Finished transferring input files
...
001 (7540486.001.000) 10/29 05:40:09 Job executing on host: <188.185.194.73:9618?addrs=188.185.194.73-9618+[2001-1458-303-21--100-45]-9618&alias=b9p20p4442.cern.ch&noUDP&sock=startd_4707_305f>
	SlotName: slot1_12@b9p20p4442.cern.ch
	CondorScratchDir = "/pool/condor/dir_1696983"
	Cpus = 3
	Disk = 3747
	GPUs = 0
	Memory = 6000
...
006 (7540486.001.000) 10/29 05:40:18 Image size of job updated: 374300
	366  -  MemoryUsage of job (MB)
	374300  -  ResidentSetSize of job (KB)
...
006 (7540486.001.000) 10/29 05:45:19 Image size of job updated: 1300940
	1271  -  MemoryUsage of job (MB)
	1300940  -  ResidentSetSize of job (KB)
...
040 (7540486.001.000) 10/29 05:48:56 Started transferring output files
...
040 (7540486.001.000) 10/29 05:48:57 Finished transferring output files
...
005 (7540486.001.000) 10/29 05:48:57 Job terminated.
	(1) Normal termination (return value 0)
		Usr 0 00:08:00, Sys 0 00:00:13  -  Run Remote Usage
		Usr 0 00:00:00, Sys 0 00:00:00  -  Run Local Usage
		Usr 0 00:08:00, Sys 0 00:00:13  -  Total Remote Usage
		Usr 0 00:00:00, Sys 0 00:00:00  -  Total Local Usage
	16132885  -  Run Bytes Sent By Job
	482  -  Run Bytes Received By Job
	16132885  -  Total Bytes Sent By Job
	482  -  Total Bytes Received By Job
	Partitionable Resources :    Usage  Request Allocated 
	   Cpus                 :     0.96        3         3 
	   Disk (KB)            : 15819           1      3747 
	   GPUs                 :                           0 
	   Memory (MB)          :  1271        6000      6000 

	Job terminated of its own accord at 2024-10-29T04:48:56Z with exit-code 0.
...
