000 (7541587.002.000) 10/29 16:50:01 Job submitted from host: <188.185.121.235:9618?addrs=188.185.121.235-9618+[2001-1458-d00-49--100-36e]-9618&alias=bigbird22.cern.ch&noUDP&sock=schedd_2043_e813>
...
040 (7541587.002.000) 10/29 16:52:23 Started transferring input files
	Transferring to host: <188.185.196.79:9618?addrs=188.185.196.79-9618+[2001-1458-303-23--100-4b]-9618&alias=b9p16p8791.cern.ch&noUDP&sock=slot1_9_5649_fb3f_12443>
...
040 (7541587.002.000) 10/29 16:52:23 Finished transferring input files
...
001 (7541587.002.000) 10/29 16:52:24 Job executing on host: <188.185.196.79:9618?addrs=188.185.196.79-9618+[2001-1458-303-23--100-4b]-9618&alias=b9p16p8791.cern.ch&noUDP&sock=startd_4340_751e>
	SlotName: slot1_9@b9p16p8791.cern.ch
	CondorScratchDir = "/pool/condor/dir_3716383"
	Cpus = 4
	Disk = 3730
	GPUs = 0
	Memory = 8000
...
006 (7541587.002.000) 10/29 16:52:32 Image size of job updated: 282464
	276  -  MemoryUsage of job (MB)
	282464  -  ResidentSetSize of job (KB)
...
006 (7541587.002.000) 10/29 16:57:32 Image size of job updated: 1395460
	1363  -  MemoryUsage of job (MB)
	1395460  -  ResidentSetSize of job (KB)
...
040 (7541587.002.000) 10/29 17:01:02 Started transferring output files
...
040 (7541587.002.000) 10/29 17:01:03 Finished transferring output files
...
005 (7541587.002.000) 10/29 17:01:03 Job terminated.
	(1) Normal termination (return value 0)
		Usr 0 00:07:40, Sys 0 00:00:10  -  Run Remote Usage
		Usr 0 00:00:00, Sys 0 00:00:00  -  Run Local Usage
		Usr 0 00:07:40, Sys 0 00:00:10  -  Total Remote Usage
		Usr 0 00:00:00, Sys 0 00:00:00  -  Total Local Usage
	16370258  -  Run Bytes Sent By Job
	482  -  Run Bytes Received By Job
	16370258  -  Total Bytes Sent By Job
	482  -  Total Bytes Received By Job
	Partitionable Resources :    Usage  Request Allocated 
	   Cpus                 :     0.90        3         4 
	   Disk (KB)            : 16052           1      3730 
	   GPUs                 :                           0 
	   Memory (MB)          :  1363        6000      8000 

	Job terminated of its own accord at 2024-10-29T16:01:02Z with exit-code 0.
...
