000 (7540486.002.000) 10/29 05:39:34 Job submitted from host: <188.185.121.235:9618?addrs=188.185.121.235-9618+[2001-1458-d00-49--100-36e]-9618&alias=bigbird22.cern.ch&noUDP&sock=schedd_2043_e813>
...
040 (7540486.002.000) 10/29 05:40:06 Started transferring input files
	Transferring to host: <188.185.193.143:9618?addrs=188.185.193.143-9618+[2001-1458-303-20--100-8b]-9618&alias=b9p19p5754.cern.ch&noUDP&sock=slot1_29_11173_239f_12918>
...
040 (7540486.002.000) 10/29 05:40:06 Finished transferring input files
...
001 (7540486.002.000) 10/29 05:40:07 Job executing on host: <188.185.193.143:9618?addrs=188.185.193.143-9618+[2001-1458-303-20--100-8b]-9618&alias=b9p19p5754.cern.ch&noUDP&sock=startd_10348_721d>
	SlotName: slot1_29@b9p19p5754.cern.ch
	CondorScratchDir = "/pool/condor/dir_379825"
	Cpus = 3
	Disk = 3865
	GPUs = 0
	Memory = 6000
...
006 (7540486.002.000) 10/29 05:40:16 Image size of job updated: 276088
	270  -  MemoryUsage of job (MB)
	276088  -  ResidentSetSize of job (KB)
...
006 (7540486.002.000) 10/29 05:45:17 Image size of job updated: 1137400
	1111  -  MemoryUsage of job (MB)
	1137400  -  ResidentSetSize of job (KB)
...
006 (7540486.002.000) 10/29 05:50:18 Image size of job updated: 1949788
	1905  -  MemoryUsage of job (MB)
	1949788  -  ResidentSetSize of job (KB)
...
040 (7540486.002.000) 10/29 05:51:06 Started transferring output files
...
040 (7540486.002.000) 10/29 05:51:07 Finished transferring output files
...
005 (7540486.002.000) 10/29 05:51:08 Job terminated.
	(1) Normal termination (return value 0)
		Usr 0 00:09:47, Sys 0 00:00:17  -  Run Remote Usage
		Usr 0 00:00:00, Sys 0 00:00:00  -  Run Local Usage
		Usr 0 00:09:47, Sys 0 00:00:17  -  Total Remote Usage
		Usr 0 00:00:00, Sys 0 00:00:00  -  Total Local Usage
	15312896  -  Run Bytes Sent By Job
	482  -  Run Bytes Received By Job
	15312896  -  Total Bytes Sent By Job
	482  -  Total Bytes Received By Job
	Partitionable Resources :    Usage  Request Allocated 
	   Cpus                 :     0.88        3         3 
	   Disk (KB)            : 15018           1      3865 
	   GPUs                 :                           0 
	   Memory (MB)          :  1905        6000      6000 

	Job terminated of its own accord at 2024-10-29T04:51:06Z with exit-code 0.
...
