000 (7541587.006.000) 10/29 16:50:01 Job submitted from host: <188.185.121.235:9618?addrs=188.185.121.235-9618+[2001-1458-d00-49--100-36e]-9618&alias=bigbird22.cern.ch&noUDP&sock=schedd_2043_e813>
...
040 (7541587.006.000) 10/29 16:55:09 Started transferring input files
	Transferring to host: <128.142.192.172:9618?addrs=128.142.192.172-9618+[2001-1458-301-56--100-28]-9618&alias=b9g18p0729.cern.ch&noUDP&sock=slot1_13_3908193_4526_4199>
...
040 (7541587.006.000) 10/29 16:55:09 Finished transferring input files
...
001 (7541587.006.000) 10/29 16:55:10 Job executing on host: <128.142.192.172:9618?addrs=128.142.192.172-9618+[2001-1458-301-56--100-28]-9618&alias=b9g18p0729.cern.ch&noUDP&sock=startd_3683_cf65>
	SlotName: slot1_13@b9g18p0729.cern.ch
	CondorScratchDir = "/pool/condor/dir_1572683"
	Cpus = 4
	Disk = 3549
	GPUs = 0
	Memory = 8000
...
006 (7541587.006.000) 10/29 16:55:19 Image size of job updated: 129464
	127  -  MemoryUsage of job (MB)
	129464  -  ResidentSetSize of job (KB)
...
006 (7541587.006.000) 10/29 17:00:20 Image size of job updated: 1314564
	1284  -  MemoryUsage of job (MB)
	1314564  -  ResidentSetSize of job (KB)
...
040 (7541587.006.000) 10/29 17:04:51 Started transferring output files
...
040 (7541587.006.000) 10/29 17:04:52 Finished transferring output files
...
005 (7541587.006.000) 10/29 17:04:52 Job terminated.
	(1) Normal termination (return value 0)
		Usr 0 00:08:23, Sys 0 00:00:13  -  Run Remote Usage
		Usr 0 00:00:00, Sys 0 00:00:00  -  Run Local Usage
		Usr 0 00:08:23, Sys 0 00:00:13  -  Total Remote Usage
		Usr 0 00:00:00, Sys 0 00:00:00  -  Total Local Usage
	15161145  -  Run Bytes Sent By Job
	482  -  Run Bytes Received By Job
	15161145  -  Total Bytes Sent By Job
	482  -  Total Bytes Received By Job
	Partitionable Resources :    Usage  Request Allocated 
	   Cpus                 :     0.87        3         4 
	   Disk (KB)            : 14871           1      3549 
	   GPUs                 :                           0 
	   Memory (MB)          :  1284        6000      8000 

	Job terminated of its own accord at 2024-10-29T16:04:51Z with exit-code 0.
...
