000 (7540486.000.000) 10/29 05:39:34 Job submitted from host: <188.185.121.235:9618?addrs=188.185.121.235-9618+[2001-1458-d00-49--100-36e]-9618&alias=bigbird22.cern.ch&noUDP&sock=schedd_2043_e813>
...
040 (7540486.000.000) 10/29 05:40:07 Started transferring input files
	Transferring to host: <188.185.193.120:9618?addrs=188.185.193.120-9618+[2001-1458-303-20--100-74]-9618&alias=b9p19p7803.cern.ch&noUDP&sock=slot1_8_11215_bb61_12114>
...
040 (7540486.000.000) 10/29 05:40:07 Finished transferring input files
...
001 (7540486.000.000) 10/29 05:40:08 Job executing on host: <188.185.193.120:9618?addrs=188.185.193.120-9618+[2001-1458-303-20--100-74]-9618&alias=b9p19p7803.cern.ch&noUDP&sock=startd_11080_8971>
	SlotName: slot1_8@b9p19p7803.cern.ch
	CondorScratchDir = "/pool/condor/dir_3012159"
	Cpus = 3
	Disk = 3661
	GPUs = 0
	Memory = 6000
...
006 (7540486.000.000) 10/29 05:40:17 Image size of job updated: 229448
	225  -  MemoryUsage of job (MB)
	229448  -  ResidentSetSize of job (KB)
...
006 (7540486.000.000) 10/29 05:45:18 Image size of job updated: 1275492
	1246  -  MemoryUsage of job (MB)
	1275492  -  ResidentSetSize of job (KB)
...
040 (7540486.000.000) 10/29 05:48:26 Started transferring output files
...
040 (7540486.000.000) 10/29 05:48:26 Finished transferring output files
...
005 (7540486.000.000) 10/29 05:48:26 Job terminated.
	(1) Normal termination (return value 0)
		Usr 0 00:07:22, Sys 0 00:00:12  -  Run Remote Usage
		Usr 0 00:00:00, Sys 0 00:00:00  -  Run Local Usage
		Usr 0 00:07:22, Sys 0 00:00:12  -  Total Remote Usage
		Usr 0 00:00:00, Sys 0 00:00:00  -  Total Local Usage
	15917958  -  Run Bytes Sent By Job
	482  -  Run Bytes Received By Job
	15917958  -  Total Bytes Sent By Job
	482  -  Total Bytes Received By Job
	Partitionable Resources :    Usage  Request Allocated 
	   Cpus                 :        0        3         3 
	   Disk (KB)            :    15609        1      3661 
	   GPUs                 :                           0 
	   Memory (MB)          :     1246     6000      6000 

	Job terminated of its own accord at 2024-10-29T04:48:26Z with exit-code 0.
...
