000 (7541585.003.000) 10/29 16:34:41 Job submitted from host: <188.185.121.235:9618?addrs=188.185.121.235-9618+[2001-1458-d00-49--100-36e]-9618&alias=bigbird22.cern.ch&noUDP&sock=schedd_2043_e813>
...
040 (7541585.003.000) 10/29 16:45:25 Started transferring input files
	Transferring to host: <188.185.198.74:9618?addrs=188.185.198.74-9618+[2001-1458-303-25--100-46]-9618&alias=b9p15p6018.cern.ch&noUDP&sock=slot1_21_9334_65b5_13107>
...
040 (7541585.003.000) 10/29 16:45:25 Finished transferring input files
...
001 (7541585.003.000) 10/29 16:45:26 Job executing on host: <188.185.198.74:9618?addrs=188.185.198.74-9618+[2001-1458-303-25--100-46]-9618&alias=b9p15p6018.cern.ch&noUDP&sock=startd_9210_df57>
	SlotName: slot1_21@b9p15p6018.cern.ch
	CondorScratchDir = "/pool/condor/dir_4178595"
	Cpus = 4
	Disk = 3782
	GPUs = 0
	Memory = 8000
...
006 (7541585.003.000) 10/29 16:45:34 Image size of job updated: 130420
	128  -  MemoryUsage of job (MB)
	130420  -  ResidentSetSize of job (KB)
...
040 (7541585.003.000) 10/29 16:50:33 Started transferring output files
...
040 (7541585.003.000) 10/29 16:50:33 Finished transferring output files
...
005 (7541585.003.000) 10/29 16:50:33 Job terminated.
	(1) Normal termination (return value 0)
		Usr 0 00:04:25, Sys 0 00:00:07  -  Run Remote Usage
		Usr 0 00:00:00, Sys 0 00:00:00  -  Run Local Usage
		Usr 0 00:04:25, Sys 0 00:00:07  -  Total Remote Usage
		Usr 0 00:00:00, Sys 0 00:00:00  -  Total Local Usage
	8478091  -  Run Bytes Sent By Job
	482  -  Run Bytes Received By Job
	8478091  -  Total Bytes Sent By Job
	482  -  Total Bytes Received By Job
	Partitionable Resources :    Usage  Request Allocated 
	   Cpus                 :     0.94        4         4 
	   Disk (KB)            :  8344           1      3782 
	   GPUs                 :                           0 
	   Memory (MB)          :   128        8000      8000 

	Job terminated of its own accord at 2024-10-29T15:50:33Z with exit-code 0.
...
