000 (7541584.004.000) 10/29 16:34:22 Job submitted from host: <188.185.121.235:9618?addrs=188.185.121.235-9618+[2001-1458-d00-49--100-36e]-9618&alias=bigbird22.cern.ch&noUDP&sock=schedd_2043_e813>
...
000 (7541586.004.000) 10/29 16:34:51 Job submitted from host: <188.185.121.235:9618?addrs=188.185.121.235-9618+[2001-1458-d00-49--100-36e]-9618&alias=bigbird22.cern.ch&noUDP&sock=schedd_2043_e813>
...
040 (7541584.004.000) 10/29 16:39:49 Started transferring input files
	Transferring to host: <128.142.137.166:9618?addrs=128.142.137.166-9618+[2001-1458-301-5e--100-9a]-9618&alias=b9g19p8283.cern.ch&noUDP&sock=slot1_6_2822_1aac_12668>
...
040 (7541584.004.000) 10/29 16:39:49 Finished transferring input files
...
001 (7541584.004.000) 10/29 16:39:50 Job executing on host: <128.142.137.166:9618?addrs=128.142.137.166-9618+[2001-1458-301-5e--100-9a]-9618&alias=b9g19p8283.cern.ch&noUDP&sock=startd_2493_91b1>
	SlotName: slot1_6@b9g19p8283.cern.ch
	CondorScratchDir = "/pool/condor/dir_2516094"
	Cpus = 4
	Disk = 2624
	GPUs = 0
	Memory = 8000
...
006 (7541584.004.000) 10/29 16:39:59 Image size of job updated: 7064
	7  -  MemoryUsage of job (MB)
	7064  -  ResidentSetSize of job (KB)
...
006 (7541584.004.000) 10/29 16:45:00 Image size of job updated: 599948
	586  -  MemoryUsage of job (MB)
	599948  -  ResidentSetSize of job (KB)
...
006 (7541584.004.000) 10/29 16:46:30 Image size of job updated: 789728
	772  -  MemoryUsage of job (MB)
	789728  -  ResidentSetSize of job (KB)
...
040 (7541584.004.000) 10/29 16:46:31 Started transferring output files
...
040 (7541584.004.000) 10/29 16:46:31 Finished transferring output files
...
005 (7541584.004.000) 10/29 16:46:31 Job terminated.
	(1) Normal termination (return value 0)
		Usr 0 00:05:55, Sys 0 00:00:09  -  Run Remote Usage
		Usr 0 00:00:00, Sys 0 00:00:00  -  Run Local Usage
		Usr 0 00:05:55, Sys 0 00:00:09  -  Total Remote Usage
		Usr 0 00:00:00, Sys 0 00:00:00  -  Total Local Usage
	7964369  -  Run Bytes Sent By Job
	482  -  Run Bytes Received By Job
	7964369  -  Total Bytes Sent By Job
	482  -  Total Bytes Received By Job
	Partitionable Resources :    Usage  Request Allocated 
	   Cpus                 :     0.98        4         4 
	   Disk (KB)            :  7842           1      2624 
	   GPUs                 :                           0 
	   Memory (MB)          :   772        8000      8000 

	Job terminated of its own accord at 2024-10-29T15:46:30Z with exit-code 0.
...
040 (7541586.004.000) 10/29 16:49:17 Started transferring input files
	Transferring to host: <188.185.193.51:9618?addrs=188.185.193.51-9618+[2001-1458-303-20--100-2f]-9618&alias=b9p19p4434.cern.ch&noUDP&sock=slot1_23_8901_4f43_13383>
...
040 (7541586.004.000) 10/29 16:49:17 Finished transferring input files
...
001 (7541586.004.000) 10/29 16:49:18 Job executing on host: <188.185.193.51:9618?addrs=188.185.193.51-9618+[2001-1458-303-20--100-2f]-9618&alias=b9p19p4434.cern.ch&noUDP&sock=startd_7495_866a>
	SlotName: slot1_23@b9p19p4434.cern.ch
	CondorScratchDir = "/pool/condor/dir_3984718"
	Cpus = 4
	Disk = 3715
	GPUs = 0
	Memory = 8000
...
006 (7541586.004.000) 10/29 16:49:27 Image size of job updated: 323056
	316  -  MemoryUsage of job (MB)
	323056  -  ResidentSetSize of job (KB)
...
006 (7541586.004.000) 10/29 16:54:28 Image size of job updated: 1241568
	1213  -  MemoryUsage of job (MB)
	1241568  -  ResidentSetSize of job (KB)
...
040 (7541586.004.000) 10/29 16:58:16 Started transferring output files
...
040 (7541586.004.000) 10/29 16:58:16 Finished transferring output files
...
005 (7541586.004.000) 10/29 16:58:16 Job terminated.
	(1) Normal termination (return value 0)
		Usr 0 00:07:49, Sys 0 00:00:11  -  Run Remote Usage
		Usr 0 00:00:00, Sys 0 00:00:00  -  Run Local Usage
		Usr 0 00:07:49, Sys 0 00:00:11  -  Total Remote Usage
		Usr 0 00:00:00, Sys 0 00:00:00  -  Total Local Usage
	7964369  -  Run Bytes Sent By Job
	482  -  Run Bytes Received By Job
	7964369  -  Total Bytes Sent By Job
	482  -  Total Bytes Received By Job
	Partitionable Resources :    Usage  Request Allocated 
	   Cpus                 :     0.83        4         4 
	   Disk (KB)            :  7842           1      3715 
	   GPUs                 :                           0 
	   Memory (MB)          :  1213        8000      8000 

	Job terminated of its own accord at 2024-10-29T15:58:16Z with exit-code 0.
...
