000 (7541584.006.000) 10/29 16:34:22 Job submitted from host: <188.185.121.235:9618?addrs=188.185.121.235-9618+[2001-1458-d00-49--100-36e]-9618&alias=bigbird22.cern.ch&noUDP&sock=schedd_2043_e813>
...
000 (7541586.006.000) 10/29 16:34:51 Job submitted from host: <188.185.121.235:9618?addrs=188.185.121.235-9618+[2001-1458-d00-49--100-36e]-9618&alias=bigbird22.cern.ch&noUDP&sock=schedd_2043_e813>
...
040 (7541584.006.000) 10/29 16:40:03 Started transferring input files
	Transferring to host: <188.185.193.55:9618?addrs=188.185.193.55-9618+[2001-1458-303-20--100-33]-9618&alias=b9p19p9988.cern.ch&noUDP&sock=slot1_24_1423320_7310_11264>
...
040 (7541584.006.000) 10/29 16:40:03 Finished transferring input files
...
001 (7541584.006.000) 10/29 16:40:04 Job executing on host: <188.185.193.55:9618?addrs=188.185.193.55-9618+[2001-1458-303-20--100-33]-9618&alias=b9p19p9988.cern.ch&noUDP&sock=startd_6300_dabe>
	SlotName: slot1_24@b9p19p9988.cern.ch
	CondorScratchDir = "/pool/condor/dir_4036622"
	Cpus = 4
	Disk = 3822
	GPUs = 0
	Memory = 8000
...
006 (7541584.006.000) 10/29 16:40:13 Image size of job updated: 408144
	399  -  MemoryUsage of job (MB)
	408144  -  ResidentSetSize of job (KB)
...
006 (7541584.006.000) 10/29 16:45:14 Image size of job updated: 1814740
	1773  -  MemoryUsage of job (MB)
	1814740  -  ResidentSetSize of job (KB)
...
040 (7541584.006.000) 10/29 16:48:25 Started transferring output files
...
040 (7541584.006.000) 10/29 16:48:26 Finished transferring output files
...
005 (7541584.006.000) 10/29 16:48:26 Job terminated.
	(1) Normal termination (return value 0)
		Usr 0 00:07:12, Sys 0 00:00:10  -  Run Remote Usage
		Usr 0 00:00:00, Sys 0 00:00:00  -  Run Local Usage
		Usr 0 00:07:12, Sys 0 00:00:10  -  Total Remote Usage
		Usr 0 00:00:00, Sys 0 00:00:00  -  Total Local Usage
	11894170  -  Run Bytes Sent By Job
	482  -  Run Bytes Received By Job
	11894170  -  Total Bytes Sent By Job
	482  -  Total Bytes Received By Job
	Partitionable Resources :    Usage  Request Allocated 
	   Cpus                 :     0.94        4         4 
	   Disk (KB)            : 11679           1      3822 
	   GPUs                 :                           0 
	   Memory (MB)          :  1773        8000      8000 

	Job terminated of its own accord at 2024-10-29T15:48:25Z with exit-code 0.
...
040 (7541586.006.000) 10/29 16:49:18 Started transferring input files
	Transferring to host: <188.185.198.106:9618?addrs=188.185.198.106-9618+[2001-1458-303-25--100-66]-9618&alias=b9p15p1781.cern.ch&noUDP&sock=slot1_6_9405_6c58_12482>
...
040 (7541586.006.000) 10/29 16:49:18 Finished transferring input files
...
001 (7541586.006.000) 10/29 16:49:19 Job executing on host: <188.185.198.106:9618?addrs=188.185.198.106-9618+[2001-1458-303-25--100-66]-9618&alias=b9p15p1781.cern.ch&noUDP&sock=startd_9364_80ec>
	SlotName: slot1_6@b9p15p1781.cern.ch
	CondorScratchDir = "/pool/condor/dir_2207035"
	Cpus = 4
	Disk = 3695
	GPUs = 0
	Memory = 8000
...
006 (7541586.006.000) 10/29 16:49:28 Image size of job updated: 369404
	361  -  MemoryUsage of job (MB)
	369404  -  ResidentSetSize of job (KB)
...
006 (7541586.006.000) 10/29 16:54:29 Image size of job updated: 1623524
	1586  -  MemoryUsage of job (MB)
	1623524  -  ResidentSetSize of job (KB)
...
040 (7541586.006.000) 10/29 16:59:07 Started transferring output files
...
040 (7541586.006.000) 10/29 16:59:08 Finished transferring output files
...
005 (7541586.006.000) 10/29 16:59:08 Job terminated.
	(1) Normal termination (return value 0)
		Usr 0 00:08:30, Sys 0 00:00:15  -  Run Remote Usage
		Usr 0 00:00:00, Sys 0 00:00:00  -  Run Local Usage
		Usr 0 00:08:30, Sys 0 00:00:15  -  Total Remote Usage
		Usr 0 00:00:00, Sys 0 00:00:00  -  Total Local Usage
	11894170  -  Run Bytes Sent By Job
	482  -  Run Bytes Received By Job
	11894170  -  Total Bytes Sent By Job
	482  -  Total Bytes Received By Job
	Partitionable Resources :    Usage  Request Allocated 
	   Cpus                 :        0        4         4 
	   Disk (KB)            :    11679        1      3695 
	   GPUs                 :                           0 
	   Memory (MB)          :     1586     8000      8000 

	Job terminated of its own accord at 2024-10-29T15:59:07Z with exit-code 0.
...
