000 (7541585.009.000) 10/29 16:34:41 Job submitted from host: <188.185.121.235:9618?addrs=188.185.121.235-9618+[2001-1458-d00-49--100-36e]-9618&alias=bigbird22.cern.ch&noUDP&sock=schedd_2043_e813>
...
040 (7541585.009.000) 10/29 16:47:12 Started transferring input files
	Transferring to host: <188.185.192.99:9618?addrs=188.185.192.99-9618+[2001-1458-303-1f--100-5f]-9618&alias=b9p13p7927.cern.ch&noUDP&sock=slot1_6_10395_f7c0_13462>
...
040 (7541585.009.000) 10/29 16:47:12 Finished transferring input files
...
001 (7541585.009.000) 10/29 16:47:13 Job executing on host: <188.185.192.99:9618?addrs=188.185.192.99-9618+[2001-1458-303-1f--100-5f]-9618&alias=b9p13p7927.cern.ch&noUDP&sock=startd_9111_f776>
	SlotName: slot1_6@b9p13p7927.cern.ch
	CondorScratchDir = "/pool/condor/dir_2485875"
	Cpus = 4
	Disk = 3893
	GPUs = 0
	Memory = 8000
...
006 (7541585.009.000) 10/29 16:47:22 Image size of job updated: 143256
	140  -  MemoryUsage of job (MB)
	143256  -  ResidentSetSize of job (KB)
...
006 (7541585.009.000) 10/29 16:52:24 Image size of job updated: 1278444
	1249  -  MemoryUsage of job (MB)
	1278444  -  ResidentSetSize of job (KB)
...
040 (7541585.009.000) 10/29 16:57:20 Started transferring output files
...
040 (7541585.009.000) 10/29 16:57:21 Finished transferring output files
...
005 (7541585.009.000) 10/29 16:57:21 Job terminated.
	(1) Normal termination (return value 0)
		Usr 0 00:07:17, Sys 0 00:00:11  -  Run Remote Usage
		Usr 0 00:00:00, Sys 0 00:00:00  -  Run Local Usage
		Usr 0 00:07:17, Sys 0 00:00:11  -  Total Remote Usage
		Usr 0 00:00:00, Sys 0 00:00:00  -  Total Local Usage
	16928644  -  Run Bytes Sent By Job
	482  -  Run Bytes Received By Job
	16928644  -  Total Bytes Sent By Job
	482  -  Total Bytes Received By Job
	Partitionable Resources :    Usage  Request Allocated 
	   Cpus                 :     0.75        4         4 
	   Disk (KB)            : 16597           1      3893 
	   GPUs                 :                           0 
	   Memory (MB)          :  1249        8000      8000 

	Job terminated of its own accord at 2024-10-29T15:57:20Z with exit-code 0.
...
