000 (7540486.006.000) 10/29 05:39:34 Job submitted from host: <188.185.121.235:9618?addrs=188.185.121.235-9618+[2001-1458-d00-49--100-36e]-9618&alias=bigbird22.cern.ch&noUDP&sock=schedd_2043_e813>
...
040 (7540486.006.000) 10/29 05:40:09 Started transferring input files
	Transferring to host: <188.185.192.160:9618?addrs=188.185.192.160-9618+[2001-1458-303-1f--100-9c]-9618&alias=b9p13p4150.cern.ch&noUDP&sock=slot1_27_8024_623f_11744>
...
040 (7540486.006.000) 10/29 05:40:09 Finished transferring input files
...
001 (7540486.006.000) 10/29 05:40:10 Job executing on host: <188.185.192.160:9618?addrs=188.185.192.160-9618+[2001-1458-303-1f--100-9c]-9618&alias=b9p13p4150.cern.ch&noUDP&sock=startd_6990_2317>
	SlotName: slot1_27@b9p13p4150.cern.ch
	CondorScratchDir = "/pool/condor/dir_4011717"
	Cpus = 3
	Disk = 3924
	GPUs = 0
	Memory = 6000
...
006 (7540486.006.000) 10/29 05:40:19 Image size of job updated: 389400
	381  -  MemoryUsage of job (MB)
	389400  -  ResidentSetSize of job (KB)
...
006 (7540486.006.000) 10/29 05:45:20 Image size of job updated: 1485620
	1451  -  MemoryUsage of job (MB)
	1485620  -  ResidentSetSize of job (KB)
...
006 (7540486.006.000) 10/29 05:50:21 Image size of job updated: 2528596
	2470  -  MemoryUsage of job (MB)
	2528596  -  ResidentSetSize of job (KB)
...
006 (7540486.006.000) 10/29 05:51:08 Image size of job updated: 2528596
	2470  -  MemoryUsage of job (MB)
	2528852  -  ResidentSetSize of job (KB)
...
040 (7540486.006.000) 10/29 05:51:08 Started transferring output files
...
040 (7540486.006.000) 10/29 05:51:09 Finished transferring output files
...
005 (7540486.006.000) 10/29 05:51:09 Job terminated.
	(1) Normal termination (return value 0)
		Usr 0 00:08:24, Sys 0 00:00:12  -  Run Remote Usage
		Usr 0 00:00:00, Sys 0 00:00:00  -  Run Local Usage
		Usr 0 00:08:24, Sys 0 00:00:12  -  Total Remote Usage
		Usr 0 00:00:00, Sys 0 00:00:00  -  Total Local Usage
	15069655  -  Run Bytes Sent By Job
	482  -  Run Bytes Received By Job
	15069655  -  Total Bytes Sent By Job
	482  -  Total Bytes Received By Job
	Partitionable Resources :    Usage  Request Allocated 
	   Cpus                 :     0.99        3         3 
	   Disk (KB)            : 14780           1      3924 
	   GPUs                 :                           0 
	   Memory (MB)          :  2470        6000      6000 

	Job terminated of its own accord at 2024-10-29T04:51:08Z with exit-code 0.
...
