000 (7541585.005.000) 10/29 16:34:41 Job submitted from host: <188.185.121.235:9618?addrs=188.185.121.235-9618+[2001-1458-d00-49--100-36e]-9618&alias=bigbird22.cern.ch&noUDP&sock=schedd_2043_e813>
...
040 (7541585.005.000) 10/29 16:45:50 Started transferring input files
	Transferring to host: <188.185.198.74:9618?addrs=188.185.198.74-9618+[2001-1458-303-25--100-46]-9618&alias=b9p15p6018.cern.ch&noUDP&sock=slot1_6_9334_65b5_13109>
...
040 (7541585.005.000) 10/29 16:45:50 Finished transferring input files
...
001 (7541585.005.000) 10/29 16:45:51 Job executing on host: <188.185.198.74:9618?addrs=188.185.198.74-9618+[2001-1458-303-25--100-46]-9618&alias=b9p15p6018.cern.ch&noUDP&sock=startd_9210_df57>
	SlotName: slot1_6@b9p15p6018.cern.ch
	CondorScratchDir = "/pool/condor/dir_4179171"
	Cpus = 4
	Disk = 3782
	GPUs = 0
	Memory = 8000
...
006 (7541585.005.000) 10/29 16:45:59 Image size of job updated: 134532
	132  -  MemoryUsage of job (MB)
	134532  -  ResidentSetSize of job (KB)
...
006 (7541585.005.000) 10/29 16:50:59 Image size of job updated: 1461128
	1427  -  MemoryUsage of job (MB)
	1461128  -  ResidentSetSize of job (KB)
...
040 (7541585.005.000) 10/29 16:54:51 Started transferring output files
...
040 (7541585.005.000) 10/29 16:54:52 Finished transferring output files
...
005 (7541585.005.000) 10/29 16:54:52 Job terminated.
	(1) Normal termination (return value 0)
		Usr 0 00:07:29, Sys 0 00:00:11  -  Run Remote Usage
		Usr 0 00:00:00, Sys 0 00:00:00  -  Run Local Usage
		Usr 0 00:07:29, Sys 0 00:00:11  -  Total Remote Usage
		Usr 0 00:00:00, Sys 0 00:00:00  -  Total Local Usage
	12087888  -  Run Bytes Sent By Job
	482  -  Run Bytes Received By Job
	12087888  -  Total Bytes Sent By Job
	482  -  Total Bytes Received By Job
	Partitionable Resources :    Usage  Request Allocated 
	   Cpus                 :     0.83        4         4 
	   Disk (KB)            : 11870           1      3782 
	   GPUs                 :                           0 
	   Memory (MB)          :  1427        8000      8000 

	Job terminated of its own accord at 2024-10-29T15:54:51Z with exit-code 0.
...
