000 (7541585.008.000) 10/29 16:34:41 Job submitted from host: <188.185.121.235:9618?addrs=188.185.121.235-9618+[2001-1458-d00-49--100-36e]-9618&alias=bigbird22.cern.ch&noUDP&sock=schedd_2043_e813>
...
040 (7541585.008.000) 10/29 16:46:31 Started transferring input files
	Transferring to host: <128.142.137.166:9618?addrs=128.142.137.166-9618+[2001-1458-301-5e--100-9a]-9618&alias=b9g19p8283.cern.ch&noUDP&sock=slot1_6_2822_1aac_12675>
...
040 (7541585.008.000) 10/29 16:46:31 Finished transferring input files
...
001 (7541585.008.000) 10/29 16:46:32 Job executing on host: <128.142.137.166:9618?addrs=128.142.137.166-9618+[2001-1458-301-5e--100-9a]-9618&alias=b9g19p8283.cern.ch&noUDP&sock=startd_2493_91b1>
	SlotName: slot1_6@b9g19p8283.cern.ch
	CondorScratchDir = "/pool/condor/dir_2526743"
	Cpus = 4
	Disk = 2619
	GPUs = 0
	Memory = 8000
...
006 (7541585.008.000) 10/29 16:46:41 Image size of job updated: 4120
	5  -  MemoryUsage of job (MB)
	4120  -  ResidentSetSize of job (KB)
...
006 (7541585.008.000) 10/29 16:51:42 Image size of job updated: 544680
	532  -  MemoryUsage of job (MB)
	544680  -  ResidentSetSize of job (KB)
...
006 (7541585.008.000) 10/29 16:56:42 Image size of job updated: 1340052
	1309  -  MemoryUsage of job (MB)
	1340052  -  ResidentSetSize of job (KB)
...
006 (7541585.008.000) 10/29 16:58:50 Image size of job updated: 1587704
	1551  -  MemoryUsage of job (MB)
	1587704  -  ResidentSetSize of job (KB)
...
040 (7541585.008.000) 10/29 16:58:50 Started transferring output files
...
040 (7541585.008.000) 10/29 16:58:51 Finished transferring output files
...
005 (7541585.008.000) 10/29 16:58:51 Job terminated.
	(1) Normal termination (return value 0)
		Usr 0 00:10:17, Sys 0 00:00:19  -  Run Remote Usage
		Usr 0 00:00:00, Sys 0 00:00:00  -  Run Local Usage
		Usr 0 00:10:17, Sys 0 00:00:19  -  Total Remote Usage
		Usr 0 00:00:00, Sys 0 00:00:00  -  Total Local Usage
	10569953  -  Run Bytes Sent By Job
	482  -  Run Bytes Received By Job
	10569953  -  Total Bytes Sent By Job
	482  -  Total Bytes Received By Job
	Partitionable Resources :    Usage  Request Allocated 
	   Cpus                 :     0.89        4         4 
	   Disk (KB)            : 10387           1      2619 
	   GPUs                 :                           0 
	   Memory (MB)          :  1551        8000      8000 

	Job terminated of its own accord at 2024-10-29T15:58:50Z with exit-code 0.
...
