000 (7541587.001.000) 10/29 16:50:01 Job submitted from host: <188.185.121.235:9618?addrs=188.185.121.235-9618+[2001-1458-d00-49--100-36e]-9618&alias=bigbird22.cern.ch&noUDP&sock=schedd_2043_e813>
...
040 (7541587.001.000) 10/29 16:50:58 Started transferring input files
	Transferring to host: <188.185.195.50:9618?addrs=188.185.195.50-9618+[2001-1458-303-22--100-2e]-9618&alias=b9p17p9751.cern.ch&noUDP&sock=slot1_10_8701_643b_12438>
...
040 (7541587.001.000) 10/29 16:50:58 Finished transferring input files
...
001 (7541587.001.000) 10/29 16:50:59 Job executing on host: <188.185.195.50:9618?addrs=188.185.195.50-9618+[2001-1458-303-22--100-2e]-9618&alias=b9p17p9751.cern.ch&noUDP&sock=startd_7687_3899>
	SlotName: slot1_10@b9p17p9751.cern.ch
	CondorScratchDir = "/pool/condor/dir_2296645"
	Cpus = 4
	Disk = 3705
	GPUs = 0
	Memory = 8000
...
006 (7541587.001.000) 10/29 16:51:08 Image size of job updated: 128036
	126  -  MemoryUsage of job (MB)
	128036  -  ResidentSetSize of job (KB)
...
006 (7541587.001.000) 10/29 16:56:09 Image size of job updated: 1237660
	1209  -  MemoryUsage of job (MB)
	1237660  -  ResidentSetSize of job (KB)
...
040 (7541587.001.000) 10/29 16:58:20 Started transferring output files
...
040 (7541587.001.000) 10/29 16:58:20 Finished transferring output files
...
005 (7541587.001.000) 10/29 16:58:20 Job terminated.
	(1) Normal termination (return value 0)
		Usr 0 00:06:44, Sys 0 00:00:09  -  Run Remote Usage
		Usr 0 00:00:00, Sys 0 00:00:00  -  Run Local Usage
		Usr 0 00:06:44, Sys 0 00:00:09  -  Total Remote Usage
		Usr 0 00:00:00, Sys 0 00:00:00  -  Total Local Usage
	16133039  -  Run Bytes Sent By Job
	482  -  Run Bytes Received By Job
	16133039  -  Total Bytes Sent By Job
	482  -  Total Bytes Received By Job
	Partitionable Resources :    Usage  Request Allocated 
	   Cpus                 :     0.95        3         4 
	   Disk (KB)            : 15820           1      3705 
	   GPUs                 :                           0 
	   Memory (MB)          :  1209        6000      8000 

	Job terminated of its own accord at 2024-10-29T15:58:20Z with exit-code 0.
...
