000 (7541587.009.000) 10/29 16:50:01 Job submitted from host: <188.185.121.235:9618?addrs=188.185.121.235-9618+[2001-1458-d00-49--100-36e]-9618&alias=bigbird22.cern.ch&noUDP&sock=schedd_2043_e813>
...
040 (7541587.009.000) 10/29 16:55:39 Started transferring input files
	Transferring to host: <188.185.193.40:9618?addrs=188.185.193.40-9618+[2001-1458-303-20--100-24]-9618&alias=b9p19p9987.cern.ch&noUDP&sock=slot1_9_6648_de07_12336>
...
040 (7541587.009.000) 10/29 16:55:39 Finished transferring input files
...
001 (7541587.009.000) 10/29 16:55:40 Job executing on host: <188.185.193.40:9618?addrs=188.185.193.40-9618+[2001-1458-303-20--100-24]-9618&alias=b9p19p9987.cern.ch&noUDP&sock=startd_5663_ecea>
	SlotName: slot1_9@b9p19p9987.cern.ch
	CondorScratchDir = "/pool/condor/dir_2378428"
	Cpus = 3
	Disk = 3806
	GPUs = 0
	Memory = 6000
...
006 (7541587.009.000) 10/29 16:55:48 Image size of job updated: 376420
	368  -  MemoryUsage of job (MB)
	376420  -  ResidentSetSize of job (KB)
...
006 (7541587.009.000) 10/29 17:00:49 Image size of job updated: 1584424
	1548  -  MemoryUsage of job (MB)
	1584424  -  ResidentSetSize of job (KB)
...
006 (7541587.009.000) 10/29 17:05:50 Image size of job updated: 2757836
	2694  -  MemoryUsage of job (MB)
	2757836  -  ResidentSetSize of job (KB)
...
040 (7541587.009.000) 10/29 17:06:57 Started transferring output files
...
040 (7541587.009.000) 10/29 17:06:58 Finished transferring output files
...
005 (7541587.009.000) 10/29 17:06:58 Job terminated.
	(1) Normal termination (return value 0)
		Usr 0 00:10:19, Sys 0 00:00:14  -  Run Remote Usage
		Usr 0 00:00:00, Sys 0 00:00:00  -  Run Local Usage
		Usr 0 00:10:19, Sys 0 00:00:14  -  Total Remote Usage
		Usr 0 00:00:00, Sys 0 00:00:00  -  Total Local Usage
	19815564  -  Run Bytes Sent By Job
	482  -  Run Bytes Received By Job
	19815564  -  Total Bytes Sent By Job
	482  -  Total Bytes Received By Job
	Partitionable Resources :    Usage  Request Allocated 
	   Cpus                 :     0.86        3         3 
	   Disk (KB)            : 19415           1      3806 
	   GPUs                 :                           0 
	   Memory (MB)          :  2694        6000      6000 

	Job terminated of its own accord at 2024-10-29T16:06:57Z with exit-code 0.
...
