000 (7541585.004.000) 10/29 16:34:41 Job submitted from host: <188.185.121.235:9618?addrs=188.185.121.235-9618+[2001-1458-d00-49--100-36e]-9618&alias=bigbird22.cern.ch&noUDP&sock=schedd_2043_e813>
...
040 (7541585.004.000) 10/29 16:45:48 Started transferring input files
	Transferring to host: <188.185.196.76:9618?addrs=188.185.196.76-9618+[2001-1458-303-23--100-48]-9618&alias=b9p16p7014.cern.ch&noUDP&sock=slot1_3_7296_7122_12439>
...
040 (7541585.004.000) 10/29 16:45:48 Finished transferring input files
...
001 (7541585.004.000) 10/29 16:45:49 Job executing on host: <188.185.196.76:9618?addrs=188.185.196.76-9618+[2001-1458-303-23--100-48]-9618&alias=b9p16p7014.cern.ch&noUDP&sock=startd_6122_c2e2>
	SlotName: slot1_3@b9p16p7014.cern.ch
	CondorScratchDir = "/pool/condor/dir_887491"
	Cpus = 4
	Disk = 3836
	GPUs = 0
	Memory = 8000
...
006 (7541585.004.000) 10/29 16:45:57 Image size of job updated: 137240
	135  -  MemoryUsage of job (MB)
	137240  -  ResidentSetSize of job (KB)
...
006 (7541585.004.000) 10/29 16:50:57 Image size of job updated: 1645516
	1607  -  MemoryUsage of job (MB)
	1645516  -  ResidentSetSize of job (KB)
...
040 (7541585.004.000) 10/29 16:52:59 Started transferring output files
...
040 (7541585.004.000) 10/29 16:52:59 Finished transferring output files
...
005 (7541585.004.000) 10/29 16:52:59 Job terminated.
	(1) Normal termination (return value 0)
		Usr 0 00:06:28, Sys 0 00:00:08  -  Run Remote Usage
		Usr 0 00:00:00, Sys 0 00:00:00  -  Run Local Usage
		Usr 0 00:06:28, Sys 0 00:00:08  -  Total Remote Usage
		Usr 0 00:00:00, Sys 0 00:00:00  -  Total Local Usage
	11286960  -  Run Bytes Sent By Job
	482  -  Run Bytes Received By Job
	11286960  -  Total Bytes Sent By Job
	482  -  Total Bytes Received By Job
	Partitionable Resources :    Usage  Request Allocated 
	   Cpus                 :     0.91        4         4 
	   Disk (KB)            : 11088           1      3836 
	   GPUs                 :                           0 
	   Memory (MB)          :  1607        8000      8000 

	Job terminated of its own accord at 2024-10-29T15:52:59Z with exit-code 0.
...
