000 (7541585.007.000) 10/29 16:34:41 Job submitted from host: <188.185.121.235:9618?addrs=188.185.121.235-9618+[2001-1458-d00-49--100-36e]-9618&alias=bigbird22.cern.ch&noUDP&sock=schedd_2043_e813>
...
040 (7541585.007.000) 10/29 16:45:59 Started transferring input files
	Transferring to host: <188.185.198.109:9618?addrs=188.185.198.109-9618+[2001-1458-303-25--100-69]-9618&alias=b9p15p4453.cern.ch&noUDP&sock=slot1_31_9492_b8fb_11553>
...
040 (7541585.007.000) 10/29 16:45:59 Finished transferring input files
...
001 (7541585.007.000) 10/29 16:46:00 Job executing on host: <188.185.198.109:9618?addrs=188.185.198.109-9618+[2001-1458-303-25--100-69]-9618&alias=b9p15p4453.cern.ch&noUDP&sock=startd_8662_fd70>
	SlotName: slot1_31@b9p15p4453.cern.ch
	CondorScratchDir = "/pool/condor/dir_1009803"
	Cpus = 4
	Disk = 3809
	GPUs = 0
	Memory = 8000
...
006 (7541585.007.000) 10/29 16:46:08 Image size of job updated: 142408
	140  -  MemoryUsage of job (MB)
	142408  -  ResidentSetSize of job (KB)
...
006 (7541585.007.000) 10/29 16:51:08 Image size of job updated: 1641256
	1603  -  MemoryUsage of job (MB)
	1641256  -  ResidentSetSize of job (KB)
...
040 (7541585.007.000) 10/29 16:55:28 Started transferring output files
...
040 (7541585.007.000) 10/29 16:55:29 Finished transferring output files
...
005 (7541585.007.000) 10/29 16:55:29 Job terminated.
	(1) Normal termination (return value 0)
		Usr 0 00:08:20, Sys 0 00:00:14  -  Run Remote Usage
		Usr 0 00:00:00, Sys 0 00:00:00  -  Run Local Usage
		Usr 0 00:08:20, Sys 0 00:00:14  -  Total Remote Usage
		Usr 0 00:00:00, Sys 0 00:00:00  -  Total Local Usage
	12999378  -  Run Bytes Sent By Job
	482  -  Run Bytes Received By Job
	12999378  -  Total Bytes Sent By Job
	482  -  Total Bytes Received By Job
	Partitionable Resources :    Usage  Request Allocated 
	   Cpus                 :     0.95        4         4 
	   Disk (KB)            : 12760           1      3809 
	   GPUs                 :                           0 
	   Memory (MB)          :  1603        8000      8000 

	Job terminated of its own accord at 2024-10-29T15:55:28Z with exit-code 0.
...
