000 (7541585.006.000) 10/29 16:34:41 Job submitted from host: <188.185.121.235:9618?addrs=188.185.121.235-9618+[2001-1458-d00-49--100-36e]-9618&alias=bigbird22.cern.ch&noUDP&sock=schedd_2043_e813>
...
040 (7541585.006.000) 10/29 16:46:00 Started transferring input files
	Transferring to host: <188.185.196.79:9618?addrs=188.185.196.79-9618+[2001-1458-303-23--100-4b]-9618&alias=b9p16p8791.cern.ch&noUDP&sock=slot1_9_5649_fb3f_12437>
...
040 (7541585.006.000) 10/29 16:46:00 Finished transferring input files
...
001 (7541585.006.000) 10/29 16:46:01 Job executing on host: <188.185.196.79:9618?addrs=188.185.196.79-9618+[2001-1458-303-23--100-4b]-9618&alias=b9p16p8791.cern.ch&noUDP&sock=startd_4340_751e>
	SlotName: slot1_9@b9p16p8791.cern.ch
	CondorScratchDir = "/pool/condor/dir_3709862"
	Cpus = 4
	Disk = 3730
	GPUs = 0
	Memory = 8000
...
006 (7541585.006.000) 10/29 16:46:09 Image size of job updated: 371608
	363  -  MemoryUsage of job (MB)
	371608  -  ResidentSetSize of job (KB)
...
006 (7541585.006.000) 10/29 16:51:09 Image size of job updated: 1336876
	1306  -  MemoryUsage of job (MB)
	1336876  -  ResidentSetSize of job (KB)
...
040 (7541585.006.000) 10/29 16:52:21 Started transferring output files
...
040 (7541585.006.000) 10/29 16:52:22 Finished transferring output files
...
005 (7541585.006.000) 10/29 16:52:22 Job terminated.
	(1) Normal termination (return value 0)
		Usr 0 00:05:01, Sys 0 00:00:07  -  Run Remote Usage
		Usr 0 00:00:00, Sys 0 00:00:00  -  Run Local Usage
		Usr 0 00:05:01, Sys 0 00:00:07  -  Total Remote Usage
		Usr 0 00:00:00, Sys 0 00:00:00  -  Total Local Usage
	8036071  -  Run Bytes Sent By Job
	482  -  Run Bytes Received By Job
	8036071  -  Total Bytes Sent By Job
	482  -  Total Bytes Received By Job
	Partitionable Resources :    Usage  Request Allocated 
	   Cpus                 :        0        4         4 
	   Disk (KB)            :     7912        1      3730 
	   GPUs                 :                           0 
	   Memory (MB)          :     1306     8000      8000 

	Job terminated of its own accord at 2024-10-29T15:52:21Z with exit-code 0.
...
