000 (7541587.004.000) 10/29 16:50:01 Job submitted from host: <188.185.121.235:9618?addrs=188.185.121.235-9618+[2001-1458-d00-49--100-36e]-9618&alias=bigbird22.cern.ch&noUDP&sock=schedd_2043_e813>
...
040 (7541587.004.000) 10/29 16:53:18 Started transferring input files
	Transferring to host: <188.185.213.142:9618?addrs=188.185.213.142-9618+[2001-1458-303-1b--100-a]-9618&alias=b9p28p1864.cern.ch&noUDP&sock=slot1_13_3814_0ed4_15490>
...
040 (7541587.004.000) 10/29 16:53:18 Finished transferring input files
...
001 (7541587.004.000) 10/29 16:53:19 Job executing on host: <188.185.213.142:9618?addrs=188.185.213.142-9618+[2001-1458-303-1b--100-a]-9618&alias=b9p28p1864.cern.ch&noUDP&sock=startd_2999_a49d>
	SlotName: slot1_13@b9p28p1864.cern.ch
	CondorScratchDir = "/pool/condor/dir_1018169"
	Cpus = 4
	Disk = 3473
	GPUs = 0
	Memory = 8000
...
006 (7541587.004.000) 10/29 16:53:28 Image size of job updated: 274720
	269  -  MemoryUsage of job (MB)
	274720  -  ResidentSetSize of job (KB)
...
006 (7541587.004.000) 10/29 16:58:28 Image size of job updated: 1583288
	1547  -  MemoryUsage of job (MB)
	1583288  -  ResidentSetSize of job (KB)
...
040 (7541587.004.000) 10/29 17:01:40 Started transferring output files
...
040 (7541587.004.000) 10/29 17:01:41 Finished transferring output files
...
005 (7541587.004.000) 10/29 17:01:41 Job terminated.
	(1) Normal termination (return value 0)
		Usr 0 00:07:02, Sys 0 00:00:15  -  Run Remote Usage
		Usr 0 00:00:00, Sys 0 00:00:00  -  Run Local Usage
		Usr 0 00:07:02, Sys 0 00:00:15  -  Total Remote Usage
		Usr 0 00:00:00, Sys 0 00:00:00  -  Total Local Usage
	14072519  -  Run Bytes Sent By Job
	482  -  Run Bytes Received By Job
	14072519  -  Total Bytes Sent By Job
	482  -  Total Bytes Received By Job
	Partitionable Resources :    Usage  Request Allocated 
	   Cpus                 :     0.96        3         4 
	   Disk (KB)            : 13808           1      3473 
	   GPUs                 :                           0 
	   Memory (MB)          :  1547        6000      8000 

	Job terminated of its own accord at 2024-10-29T16:01:40Z with exit-code 0.
...
