000 (7540486.008.000) 10/29 05:39:34 Job submitted from host: <188.185.121.235:9618?addrs=188.185.121.235-9618+[2001-1458-d00-49--100-36e]-9618&alias=bigbird22.cern.ch&noUDP&sock=schedd_2043_e813>
...
040 (7540486.008.000) 10/29 05:40:09 Started transferring input files
	Transferring to host: <188.185.193.103:9618?addrs=188.185.193.103-9618+[2001-1458-303-20--100-63]-9618&alias=b9p19p5522.cern.ch&noUDP&sock=slot1_10_8942_32a5_12664>
...
040 (7540486.008.000) 10/29 05:40:09 Finished transferring input files
...
001 (7540486.008.000) 10/29 05:40:10 Job executing on host: <188.185.193.103:9618?addrs=188.185.193.103-9618+[2001-1458-303-20--100-63]-9618&alias=b9p19p5522.cern.ch&noUDP&sock=startd_7464_42fb>
	SlotName: slot1_10@b9p19p5522.cern.ch
	CondorScratchDir = "/pool/condor/dir_2710748"
	Cpus = 3
	Disk = 3866
	GPUs = 0
	Memory = 6000
...
006 (7540486.008.000) 10/29 05:40:18 Image size of job updated: 283220
	277  -  MemoryUsage of job (MB)
	283220  -  ResidentSetSize of job (KB)
...
006 (7540486.008.000) 10/29 05:45:18 Image size of job updated: 1502456
	1468  -  MemoryUsage of job (MB)
	1502456  -  ResidentSetSize of job (KB)
...
006 (7540486.008.000) 10/29 05:50:19 Image size of job updated: 2447024
	2390  -  MemoryUsage of job (MB)
	2447024  -  ResidentSetSize of job (KB)
...
040 (7540486.008.000) 10/29 05:51:44 Started transferring output files
...
040 (7540486.008.000) 10/29 05:51:45 Finished transferring output files
...
005 (7540486.008.000) 10/29 05:51:45 Job terminated.
	(1) Normal termination (return value 0)
		Usr 0 00:09:18, Sys 0 00:00:12  -  Run Remote Usage
		Usr 0 00:00:00, Sys 0 00:00:00  -  Run Local Usage
		Usr 0 00:09:18, Sys 0 00:00:12  -  Total Remote Usage
		Usr 0 00:00:00, Sys 0 00:00:00  -  Total Local Usage
	11882118  -  Run Bytes Sent By Job
	482  -  Run Bytes Received By Job
	11882118  -  Total Bytes Sent By Job
	482  -  Total Bytes Received By Job
	Partitionable Resources :    Usage  Request Allocated 
	   Cpus                 :     0.99        3         3 
	   Disk (KB)            : 11668           1      3866 
	   GPUs                 :                           0 
	   Memory (MB)          :  2390        6000      6000 

	Job terminated of its own accord at 2024-10-29T04:51:44Z with exit-code 0.
...
