Error in <TTree::SetBranchStatus>: unknown branch -> HLT_HIAK4PFJet15_v1
Error in <TTree::SetBranchStatus>: unknown branch -> HLT_HIAK4PFJet15_v1_Prescl
Error in <TTree::SetBranchStatus>: unknown branch -> HLT_HIAK4PFJet30_v1
Error in <TTree::SetBranchStatus>: unknown branch -> HLT_HIAK4PFJet30_v1_Prescl
Error in <TTree::SetBranchStatus>: unknown branch -> HLT_HIAK4PFJet40_v1
Error in <TTree::SetBranchStatus>: unknown branch -> HLT_HIAK4PFJet40_v1_Prescl
Error in <TTree::SetBranchStatus>: unknown branch -> HLT_HIAK4PFJet60_v1
Error in <TTree::SetBranchStatus>: unknown branch -> HLT_HIAK4PFJet60_v1_Prescl
Error in <TTree::SetBranchStatus>: unknown branch -> HLT_HIAK4PFJet80_v1
Error in <TTree::SetBranchStatus>: unknown branch -> HLT_HIAK4PFJet80_v1_Prescl
Error in <TTree::SetBranchStatus>: unknown branch -> HLT_HIAK4PFJet120_v1
Error in <TTree::SetBranchStatus>: unknown branch -> HLT_HIAK4PFJet120_v1_Prescl
Error in <TTree::SetBranchStatus>: unknown branch -> HLT_HIAK8PFJet15_v1
Error in <TTree::SetBranchStatus>: unknown branch -> HLT_HIAK8PFJet15_v1_Prescl
Error in <TTree::SetBranchStatus>: unknown branch -> HLT_HIAK8PFJet25_v1
Error in <TTree::SetBranchStatus>: unknown branch -> HLT_HIAK8PFJet25_v1_Prescl
Error in <TTree::SetBranchStatus>: unknown branch -> HLT_HIAK8PFJet40_v1
Error in <TTree::SetBranchStatus>: unknown branch -> HLT_HIAK8PFJet40_v1_Prescl
Error in <TTree::SetBranchStatus>: unknown branch -> HLT_HIAK8PFJet60_v1
Error in <TTree::SetBranchStatus>: unknown branch -> HLT_HIAK8PFJet60_v1_Prescl
Error in <TTree::SetBranchStatus>: unknown branch -> HLT_HIAK8PFJet80_v1
Error in <TTree::SetBranchStatus>: unknown branch -> HLT_HIAK8PFJet80_v1_Prescl
Error in <TTree::SetBranchStatus>: unknown branch -> HLT_HIAK8PFJet140_v1
Error in <TTree::SetBranchStatus>: unknown branch -> HLT_HIAK8PFJet140_v1_Prescl
Error in <TTree::SetBranchStatus>: unknown branch -> HLT_HIPFJet25_v1
Error in <TTree::SetBranchStatus>: unknown branch -> HLT_HIPFJet25_v1_Prescl
Error in <TTree::SetBranchStatus>: unknown branch -> HLT_HIPFJet140_v1
Error in <TTree::SetBranchStatus>: unknown branch -> HLT_HIPFJet140_v1_Prescl
Error in <TTree::SetBranchStatus>: unknown branch -> HLT_HIPuAK4CaloJet80Eta5p1_v1
Error in <TTree::SetBranchStatus>: unknown branch -> HLT_HIPuAK4CaloJet100Eta5p1_v1
Error in <TTree::SetBranchStatus>: unknown branch -> HBHEIsoNoiseFilterResult
Error in <TTree::SetBranchStatus>: unknown branch -> collisionEventSelectionAODv2
Error in <TTree::SetBranchStatus>: unknown branch -> pprimaryVertexFilter
Error in <TTree::SetBranchStatus>: unknown branch -> pVertexFilterCutG
Error in <TTree::SetBranchStatus>: unknown branch -> pVertexFilterCutGloose
Error in <TTree::SetBranchStatus>: unknown branch -> pVertexFilterCutGtight
Error in <TTree::SetBranchStatus>: unknown branch -> pVertexFilterCutE
Error in <TTree::SetBranchStatus>: unknown branch -> pVertexFilterCutEandG
Error in <TTree::SetBranchStatus>: unknown branch -> pclusterCompatibilityFilter
Error in <TTree::SetBranchStatus>: unknown branch -> jtpt
