000 (7540486.009.000) 10/29 05:39:34 Job submitted from host: <188.185.121.235:9618?addrs=188.185.121.235-9618+[2001-1458-d00-49--100-36e]-9618&alias=bigbird22.cern.ch&noUDP&sock=schedd_2043_e813>
...
040 (7540486.009.000) 10/29 05:40:10 Started transferring input files
	Transferring to host: <188.185.194.151:9618?addrs=188.185.194.151-9618+[2001-1458-303-21--100-93]-9618&alias=b9p20p8169.cern.ch&noUDP&sock=slot1_5_7203_ea3e_11898>
...
040 (7540486.009.000) 10/29 05:40:10 Finished transferring input files
...
001 (7540486.009.000) 10/29 05:40:11 Job executing on host: <188.185.194.151:9618?addrs=188.185.194.151-9618+[2001-1458-303-21--100-93]-9618&alias=b9p20p8169.cern.ch&noUDP&sock=startd_5733_f08b>
	SlotName: slot1_5@b9p20p8169.cern.ch
	CondorScratchDir = "/pool/condor/dir_2314999"
	Cpus = 3
	Disk = 3890
	GPUs = 0
	Memory = 6000
...
006 (7540486.009.000) 10/29 05:40:20 Image size of job updated: 389104
	380  -  MemoryUsage of job (MB)
	389104  -  ResidentSetSize of job (KB)
...
006 (7540486.009.000) 10/29 05:45:21 Image size of job updated: 1676312
	1638  -  MemoryUsage of job (MB)
	1676312  -  ResidentSetSize of job (KB)
...
006 (7540486.009.000) 10/29 05:50:22 Image size of job updated: 2922860
	2855  -  MemoryUsage of job (MB)
	2922860  -  ResidentSetSize of job (KB)
...
040 (7540486.009.000) 10/29 05:50:30 Started transferring output files
...
040 (7540486.009.000) 10/29 05:50:31 Finished transferring output files
...
005 (7540486.009.000) 10/29 05:50:31 Job terminated.
	(1) Normal termination (return value 0)
		Usr 0 00:09:05, Sys 0 00:00:13  -  Run Remote Usage
		Usr 0 00:00:00, Sys 0 00:00:00  -  Run Local Usage
		Usr 0 00:09:05, Sys 0 00:00:13  -  Total Remote Usage
		Usr 0 00:00:00, Sys 0 00:00:00  -  Total Local Usage
	19557782  -  Run Bytes Sent By Job
	482  -  Run Bytes Received By Job
	19557782  -  Total Bytes Sent By Job
	482  -  Total Bytes Received By Job
	Partitionable Resources :    Usage  Request Allocated 
	   Cpus                 :     0.91        3         3 
	   Disk (KB)            : 19164           1      3890 
	   GPUs                 :                           0 
	   Memory (MB)          :  2855        6000      6000 

	Job terminated of its own accord at 2024-10-29T04:50:30Z with exit-code 0.
...
