000 (7540486.005.000) 10/29 05:39:34 Job submitted from host: <188.185.121.235:9618?addrs=188.185.121.235-9618+[2001-1458-d00-49--100-36e]-9618&alias=bigbird22.cern.ch&noUDP&sock=schedd_2043_e813>
...
040 (7540486.005.000) 10/29 05:40:09 Started transferring input files
	Transferring to host: <188.185.193.87:9618?addrs=188.185.193.87-9618+[2001-1458-303-20--100-53]-9618&alias=b9p19p6780.cern.ch&noUDP&sock=slot1_8_6301_5fd9_12032>
...
040 (7540486.005.000) 10/29 05:40:09 Finished transferring input files
...
001 (7540486.005.000) 10/29 05:40:10 Job executing on host: <188.185.193.87:9618?addrs=188.185.193.87-9618+[2001-1458-303-20--100-53]-9618&alias=b9p19p6780.cern.ch&noUDP&sock=startd_5050_755c>
	SlotName: slot1_8@b9p19p6780.cern.ch
	CondorScratchDir = "/pool/condor/dir_2829589"
	Cpus = 3
	Disk = 3723
	GPUs = 0
	Memory = 6000
...
006 (7540486.005.000) 10/29 05:40:19 Image size of job updated: 380204
	372  -  MemoryUsage of job (MB)
	380204  -  ResidentSetSize of job (KB)
...
006 (7540486.005.000) 10/29 05:45:20 Image size of job updated: 1405352
	1373  -  MemoryUsage of job (MB)
	1405352  -  ResidentSetSize of job (KB)
...
006 (7540486.005.000) 10/29 05:50:20 Image size of job updated: 2232084
	2180  -  MemoryUsage of job (MB)
	2232084  -  ResidentSetSize of job (KB)
...
040 (7540486.005.000) 10/29 05:52:17 Started transferring output files
...
040 (7540486.005.000) 10/29 05:52:17 Finished transferring output files
...
005 (7540486.005.000) 10/29 05:52:17 Job terminated.
	(1) Normal termination (return value 0)
		Usr 0 00:09:58, Sys 0 00:00:15  -  Run Remote Usage
		Usr 0 00:00:00, Sys 0 00:00:00  -  Run Local Usage
		Usr 0 00:09:58, Sys 0 00:00:15  -  Total Remote Usage
		Usr 0 00:00:00, Sys 0 00:00:00  -  Total Local Usage
	13571727  -  Run Bytes Sent By Job
	482  -  Run Bytes Received By Job
	13571727  -  Total Bytes Sent By Job
	482  -  Total Bytes Received By Job
	Partitionable Resources :    Usage  Request Allocated 
	   Cpus                 :     0.94        3         3 
	   Disk (KB)            : 13318           1      3723 
	   GPUs                 :                           0 
	   Memory (MB)          :  2180        6000      6000 

	Job terminated of its own accord at 2024-10-29T04:52:17Z with exit-code 0.
...
