000 (7541587.007.000) 10/29 16:50:01 Job submitted from host: <188.185.121.235:9618?addrs=188.185.121.235-9618+[2001-1458-d00-49--100-36e]-9618&alias=bigbird22.cern.ch&noUDP&sock=schedd_2043_e813>
...
040 (7541587.007.000) 10/29 16:55:38 Started transferring input files
	Transferring to host: <188.185.192.151:9618?addrs=188.185.192.151-9618+[2001-1458-303-1f--100-93]-9618&alias=b9p13p3014.cern.ch&noUDP&sock=slot1_29_3557298_ffc9_1588>
...
040 (7541587.007.000) 10/29 16:55:38 Finished transferring input files
...
001 (7541587.007.000) 10/29 16:55:39 Job executing on host: <188.185.192.151:9618?addrs=188.185.192.151-9618+[2001-1458-303-1f--100-93]-9618&alias=b9p13p3014.cern.ch&noUDP&sock=startd_5715_97d6>
	SlotName: slot1_29@b9p13p3014.cern.ch
	CondorScratchDir = "/pool/condor/dir_2194354"
	Cpus = 3
	Disk = 3830
	GPUs = 0
	Memory = 6000
...
006 (7541587.007.000) 10/29 16:55:48 Image size of job updated: 321072
	314  -  MemoryUsage of job (MB)
	321072  -  ResidentSetSize of job (KB)
...
006 (7541587.007.000) 10/29 17:00:50 Image size of job updated: 1294800
	1265  -  MemoryUsage of job (MB)
	1294800  -  ResidentSetSize of job (KB)
...
006 (7541587.007.000) 10/29 17:05:50 Image size of job updated: 2161336
	2111  -  MemoryUsage of job (MB)
	2161336  -  ResidentSetSize of job (KB)
...
040 (7541587.007.000) 10/29 17:09:17 Started transferring output files
...
040 (7541587.007.000) 10/29 17:09:17 Finished transferring output files
...
005 (7541587.007.000) 10/29 17:09:18 Job terminated.
	(1) Normal termination (return value 0)
		Usr 0 00:12:19, Sys 0 00:00:24  -  Run Remote Usage
		Usr 0 00:00:00, Sys 0 00:00:00  -  Run Local Usage
		Usr 0 00:12:19, Sys 0 00:00:24  -  Total Remote Usage
		Usr 0 00:00:00, Sys 0 00:00:00  -  Total Local Usage
	13391972  -  Run Bytes Sent By Job
	482  -  Run Bytes Received By Job
	13391972  -  Total Bytes Sent By Job
	482  -  Total Bytes Received By Job
	Partitionable Resources :    Usage  Request Allocated 
	   Cpus                 :     0.93        3         3 
	   Disk (KB)            : 13142           1      3830 
	   GPUs                 :                           0 
	   Memory (MB)          :  2111        6000      6000 

	Job terminated of its own accord at 2024-10-29T16:09:17Z with exit-code 0.
...
