000 (7541584.000.000) 10/29 16:34:22 Job submitted from host: <188.185.121.235:9618?addrs=188.185.121.235-9618+[2001-1458-d00-49--100-36e]-9618&alias=bigbird22.cern.ch&noUDP&sock=schedd_2043_e813>
...
000 (7541586.000.000) 10/29 16:34:51 Job submitted from host: <188.185.121.235:9618?addrs=188.185.121.235-9618+[2001-1458-d00-49--100-36e]-9618&alias=bigbird22.cern.ch&noUDP&sock=schedd_2043_e813>
...
040 (7541584.000.000) 10/29 16:39:48 Started transferring input files
	Transferring to host: <188.185.196.76:9618?addrs=188.185.196.76-9618+[2001-1458-303-23--100-48]-9618&alias=b9p16p7014.cern.ch&noUDP&sock=slot1_3_7296_7122_12434>
...
040 (7541584.000.000) 10/29 16:39:48 Finished transferring input files
...
001 (7541584.000.000) 10/29 16:39:49 Job executing on host: <188.185.196.76:9618?addrs=188.185.196.76-9618+[2001-1458-303-23--100-48]-9618&alias=b9p16p7014.cern.ch&noUDP&sock=startd_6122_c2e2>
	SlotName: slot1_3@b9p16p7014.cern.ch
	CondorScratchDir = "/pool/condor/dir_877388"
	Cpus = 4
	Disk = 3818
	GPUs = 0
	Memory = 8000
...
006 (7541584.000.000) 10/29 16:39:57 Image size of job updated: 353896
	346  -  MemoryUsage of job (MB)
	353896  -  ResidentSetSize of job (KB)
...
006 (7541584.000.000) 10/29 16:44:57 Image size of job updated: 1819552
	1777  -  MemoryUsage of job (MB)
	1819552  -  ResidentSetSize of job (KB)
...
006 (7541584.000.000) 10/29 16:45:46 Image size of job updated: 1819552
	1778  -  MemoryUsage of job (MB)
	1819788  -  ResidentSetSize of job (KB)
...
040 (7541584.000.000) 10/29 16:45:46 Started transferring output files
...
040 (7541584.000.000) 10/29 16:45:47 Finished transferring output files
...
005 (7541584.000.000) 10/29 16:45:47 Job terminated.
	(1) Normal termination (return value 0)
		Usr 0 00:05:19, Sys 0 00:00:08  -  Run Remote Usage
		Usr 0 00:00:00, Sys 0 00:00:00  -  Run Local Usage
		Usr 0 00:05:19, Sys 0 00:00:08  -  Total Remote Usage
		Usr 0 00:00:00, Sys 0 00:00:00  -  Total Local Usage
	14357368  -  Run Bytes Sent By Job
	482  -  Run Bytes Received By Job
	14357368  -  Total Bytes Sent By Job
	482  -  Total Bytes Received By Job
	Partitionable Resources :    Usage  Request Allocated 
	   Cpus                 :        0        4         4 
	   Disk (KB)            :    14085        1      3818 
	   GPUs                 :                           0 
	   Memory (MB)          :     1778     8000      8000 

	Job terminated of its own accord at 2024-10-29T15:45:46Z with exit-code 0.
...
040 (7541586.000.000) 10/29 16:47:14 Started transferring input files
	Transferring to host: <128.142.192.172:9618?addrs=128.142.192.172-9618+[2001-1458-301-56--100-28]-9618&alias=b9g18p0729.cern.ch&noUDP&sock=slot1_13_3908193_4526_4188>
...
040 (7541586.000.000) 10/29 16:47:14 Finished transferring input files
...
001 (7541586.000.000) 10/29 16:47:16 Job executing on host: <128.142.192.172:9618?addrs=128.142.192.172-9618+[2001-1458-301-56--100-28]-9618&alias=b9g18p0729.cern.ch&noUDP&sock=startd_3683_cf65>
	SlotName: slot1_13@b9g18p0729.cern.ch
	CondorScratchDir = "/pool/condor/dir_1560999"
	Cpus = 4
	Disk = 3556
	GPUs = 0
	Memory = 8000
...
006 (7541586.000.000) 10/29 16:47:24 Image size of job updated: 256088
	251  -  MemoryUsage of job (MB)
	256088  -  ResidentSetSize of job (KB)
...
006 (7541586.000.000) 10/29 16:52:24 Image size of job updated: 1458632
	1425  -  MemoryUsage of job (MB)
	1458632  -  ResidentSetSize of job (KB)
...
006 (7541586.000.000) 10/29 16:54:10 Image size of job updated: 1458632
	1425  -  MemoryUsage of job (MB)
	1458780  -  ResidentSetSize of job (KB)
...
040 (7541586.000.000) 10/29 16:54:10 Started transferring output files
...
040 (7541586.000.000) 10/29 16:54:10 Finished transferring output files
...
005 (7541586.000.000) 10/29 16:54:10 Job terminated.
	(1) Normal termination (return value 0)
		Usr 0 00:05:48, Sys 0 00:00:11  -  Run Remote Usage
		Usr 0 00:00:00, Sys 0 00:00:00  -  Run Local Usage
		Usr 0 00:05:48, Sys 0 00:00:11  -  Total Remote Usage
		Usr 0 00:00:00, Sys 0 00:00:00  -  Total Local Usage
	14357368  -  Run Bytes Sent By Job
	482  -  Run Bytes Received By Job
	14357368  -  Total Bytes Sent By Job
	482  -  Total Bytes Received By Job
	Partitionable Resources :    Usage  Request Allocated 
	   Cpus                 :     1.00        4         4 
	   Disk (KB)            : 14086           1      3556 
	   GPUs                 :                           0 
	   Memory (MB)          :  1425        8000      8000 

	Job terminated of its own accord at 2024-10-29T15:54:10Z with exit-code 0.
...
