000 (7540486.004.000) 10/29 05:39:34 Job submitted from host: <188.185.121.235:9618?addrs=188.185.121.235-9618+[2001-1458-d00-49--100-36e]-9618&alias=bigbird22.cern.ch&noUDP&sock=schedd_2043_e813>
...
040 (7540486.004.000) 10/29 05:40:08 Started transferring input files
	Transferring to host: <188.185.195.158:9618?addrs=188.185.195.158-9618+[2001-1458-303-22--100-9a]-9618&alias=b9p17p8528.cern.ch&noUDP&sock=slot1_12_6163_2414_12704>
...
040 (7540486.004.000) 10/29 05:40:08 Finished transferring input files
...
001 (7540486.004.000) 10/29 05:40:09 Job executing on host: <188.185.195.158:9618?addrs=188.185.195.158-9618+[2001-1458-303-22--100-9a]-9618&alias=b9p17p8528.cern.ch&noUDP&sock=startd_4798_9b7e>
	SlotName: slot1_12@b9p17p8528.cern.ch
	CondorScratchDir = "/pool/condor/dir_3759453"
	Cpus = 3
	Disk = 3824
	GPUs = 0
	Memory = 6000
...
006 (7540486.004.000) 10/29 05:40:17 Image size of job updated: 361876
	354  -  MemoryUsage of job (MB)
	361876  -  ResidentSetSize of job (KB)
...
006 (7540486.004.000) 10/29 05:45:18 Image size of job updated: 1324672
	1294  -  MemoryUsage of job (MB)
	1324672  -  ResidentSetSize of job (KB)
...
006 (7540486.004.000) 10/29 05:50:19 Image size of job updated: 2313524
	2260  -  MemoryUsage of job (MB)
	2313524  -  ResidentSetSize of job (KB)
...
040 (7540486.004.000) 10/29 05:51:06 Started transferring output files
...
040 (7540486.004.000) 10/29 05:51:07 Finished transferring output files
...
005 (7540486.004.000) 10/29 05:51:07 Job terminated.
	(1) Normal termination (return value 0)
		Usr 0 00:09:46, Sys 0 00:00:14  -  Run Remote Usage
		Usr 0 00:00:00, Sys 0 00:00:00  -  Run Local Usage
		Usr 0 00:09:46, Sys 0 00:00:14  -  Total Remote Usage
		Usr 0 00:00:00, Sys 0 00:00:00  -  Total Local Usage
	13674598  -  Run Bytes Sent By Job
	482  -  Run Bytes Received By Job
	13674598  -  Total Bytes Sent By Job
	482  -  Total Bytes Received By Job
	Partitionable Resources :    Usage  Request Allocated 
	   Cpus                 :     0.82        3         3 
	   Disk (KB)            : 13418           1      3824 
	   GPUs                 :                           0 
	   Memory (MB)          :  2260        6000      6000 

	Job terminated of its own accord at 2024-10-29T04:51:06Z with exit-code 0.
...
