000 (7541584.001.000) 10/29 16:34:22 Job submitted from host: <188.185.121.235:9618?addrs=188.185.121.235-9618+[2001-1458-d00-49--100-36e]-9618&alias=bigbird22.cern.ch&noUDP&sock=schedd_2043_e813>
...
000 (7541586.001.000) 10/29 16:34:51 Job submitted from host: <188.185.121.235:9618?addrs=188.185.121.235-9618+[2001-1458-d00-49--100-36e]-9618&alias=bigbird22.cern.ch&noUDP&sock=schedd_2043_e813>
...
040 (7541584.001.000) 10/29 16:39:48 Started transferring input files
	Transferring to host: <188.185.198.109:9618?addrs=188.185.198.109-9618+[2001-1458-303-25--100-69]-9618&alias=b9p15p4453.cern.ch&noUDP&sock=slot1_31_9492_b8fb_11547>
...
040 (7541584.001.000) 10/29 16:39:48 Finished transferring input files
...
001 (7541584.001.000) 10/29 16:39:49 Job executing on host: <188.185.198.109:9618?addrs=188.185.198.109-9618+[2001-1458-303-25--100-69]-9618&alias=b9p15p4453.cern.ch&noUDP&sock=startd_8662_fd70>
	SlotName: slot1_31@b9p15p4453.cern.ch
	CondorScratchDir = "/pool/condor/dir_1001127"
	Cpus = 4
	Disk = 3800
	GPUs = 0
	Memory = 8000
...
006 (7541584.001.000) 10/29 16:39:57 Image size of job updated: 323144
	316  -  MemoryUsage of job (MB)
	323144  -  ResidentSetSize of job (KB)
...
006 (7541584.001.000) 10/29 16:44:57 Image size of job updated: 1705592
	1666  -  MemoryUsage of job (MB)
	1705592  -  ResidentSetSize of job (KB)
...
040 (7541584.001.000) 10/29 16:45:57 Started transferring output files
...
040 (7541584.001.000) 10/29 16:45:58 Finished transferring output files
...
005 (7541584.001.000) 10/29 16:45:58 Job terminated.
	(1) Normal termination (return value 0)
		Usr 0 00:05:29, Sys 0 00:00:07  -  Run Remote Usage
		Usr 0 00:00:00, Sys 0 00:00:00  -  Run Local Usage
		Usr 0 00:05:29, Sys 0 00:00:07  -  Total Remote Usage
		Usr 0 00:00:00, Sys 0 00:00:00  -  Total Local Usage
	12506970  -  Run Bytes Sent By Job
	482  -  Run Bytes Received By Job
	12506970  -  Total Bytes Sent By Job
	482  -  Total Bytes Received By Job
	Partitionable Resources :    Usage  Request Allocated 
	   Cpus                 :     0.96        4         4 
	   Disk (KB)            : 12278           1      3800 
	   GPUs                 :                           0 
	   Memory (MB)          :  1666        8000      8000 

	Job terminated of its own accord at 2024-10-29T15:45:57Z with exit-code 0.
...
040 (7541586.001.000) 10/29 16:48:26 Started transferring input files
	Transferring to host: <188.185.193.55:9618?addrs=188.185.193.55-9618+[2001-1458-303-20--100-33]-9618&alias=b9p19p9988.cern.ch&noUDP&sock=slot1_24_1423320_7310_11271>
...
040 (7541586.001.000) 10/29 16:48:26 Finished transferring input files
...
001 (7541586.001.000) 10/29 16:48:27 Job executing on host: <188.185.193.55:9618?addrs=188.185.193.55-9618+[2001-1458-303-20--100-33]-9618&alias=b9p19p9988.cern.ch&noUDP&sock=startd_6300_dabe>
	SlotName: slot1_24@b9p19p9988.cern.ch
	CondorScratchDir = "/pool/condor/dir_4052280"
	Cpus = 4
	Disk = 3819
	GPUs = 0
	Memory = 8000
...
006 (7541586.001.000) 10/29 16:48:36 Image size of job updated: 297408
	291  -  MemoryUsage of job (MB)
	297408  -  ResidentSetSize of job (KB)
...
006 (7541586.001.000) 10/29 16:53:37 Image size of job updated: 1768104
	1727  -  MemoryUsage of job (MB)
	1768104  -  ResidentSetSize of job (KB)
...
040 (7541586.001.000) 10/29 16:54:02 Started transferring output files
...
040 (7541586.001.000) 10/29 16:54:03 Finished transferring output files
...
005 (7541586.001.000) 10/29 16:54:03 Job terminated.
	(1) Normal termination (return value 0)
		Usr 0 00:05:06, Sys 0 00:00:07  -  Run Remote Usage
		Usr 0 00:00:00, Sys 0 00:00:00  -  Run Local Usage
		Usr 0 00:05:06, Sys 0 00:00:07  -  Total Remote Usage
		Usr 0 00:00:00, Sys 0 00:00:00  -  Total Local Usage
	12506970  -  Run Bytes Sent By Job
	482  -  Run Bytes Received By Job
	12506970  -  Total Bytes Sent By Job
	482  -  Total Bytes Received By Job
	Partitionable Resources :    Usage  Request Allocated 
	   Cpus                 :        0        4         4 
	   Disk (KB)            :    12278        1      3819 
	   GPUs                 :                           0 
	   Memory (MB)          :     1727     8000      8000 

	Job terminated of its own accord at 2024-10-29T15:54:02Z with exit-code 0.
...
