000 (7541587.000.000) 10/29 16:50:01 Job submitted from host: <188.185.121.235:9618?addrs=188.185.121.235-9618+[2001-1458-d00-49--100-36e]-9618&alias=bigbird22.cern.ch&noUDP&sock=schedd_2043_e813>
...
040 (7541587.000.000) 10/29 16:50:34 Started transferring input files
	Transferring to host: <188.185.198.74:9618?addrs=188.185.198.74-9618+[2001-1458-303-25--100-46]-9618&alias=b9p15p6018.cern.ch&noUDP&sock=slot1_21_9334_65b5_13111>
...
040 (7541587.000.000) 10/29 16:50:34 Finished transferring input files
...
001 (7541587.000.000) 10/29 16:50:35 Job executing on host: <188.185.198.74:9618?addrs=188.185.198.74-9618+[2001-1458-303-25--100-46]-9618&alias=b9p15p6018.cern.ch&noUDP&sock=startd_9210_df57>
	SlotName: slot1_21@b9p15p6018.cern.ch
	CondorScratchDir = "/pool/condor/dir_4183973"
	Cpus = 4
	Disk = 3781
	GPUs = 0
	Memory = 8000
...
006 (7541587.000.000) 10/29 16:50:43 Image size of job updated: 277876
	272  -  MemoryUsage of job (MB)
	277876  -  ResidentSetSize of job (KB)
...
006 (7541587.000.000) 10/29 16:55:43 Image size of job updated: 1282880
	1253  -  MemoryUsage of job (MB)
	1282880  -  ResidentSetSize of job (KB)
...
040 (7541587.000.000) 10/29 16:57:20 Started transferring output files
...
040 (7541587.000.000) 10/29 16:57:21 Finished transferring output files
...
005 (7541587.000.000) 10/29 16:57:22 Job terminated.
	(1) Normal termination (return value 0)
		Usr 0 00:05:22, Sys 0 00:00:07  -  Run Remote Usage
		Usr 0 00:00:00, Sys 0 00:00:00  -  Run Local Usage
		Usr 0 00:05:22, Sys 0 00:00:07  -  Total Remote Usage
		Usr 0 00:00:00, Sys 0 00:00:00  -  Total Local Usage
	16272320  -  Run Bytes Sent By Job
	482  -  Run Bytes Received By Job
	16272320  -  Total Bytes Sent By Job
	482  -  Total Bytes Received By Job
	Partitionable Resources :    Usage  Request Allocated 
	   Cpus                 :        0        3         4 
	   Disk (KB)            :    15956        1      3781 
	   GPUs                 :                           0 
	   Memory (MB)          :     1253     6000      8000 

	Job terminated of its own accord at 2024-10-29T15:57:20Z with exit-code 0.
...
