000 (7541587.005.000) 10/29 16:50:01 Job submitted from host: <188.185.121.235:9618?addrs=188.185.121.235-9618+[2001-1458-d00-49--100-36e]-9618&alias=bigbird22.cern.ch&noUDP&sock=schedd_2043_e813>
...
040 (7541587.005.000) 10/29 16:55:08 Started transferring input files
	Transferring to host: <188.185.193.55:9618?addrs=188.185.193.55-9618+[2001-1458-303-20--100-33]-9618&alias=b9p19p9988.cern.ch&noUDP&sock=slot1_24_1423320_7310_11276>
...
040 (7541587.005.000) 10/29 16:55:08 Finished transferring input files
...
001 (7541587.005.000) 10/29 16:55:09 Job executing on host: <188.185.193.55:9618?addrs=188.185.193.55-9618+[2001-1458-303-20--100-33]-9618&alias=b9p19p9988.cern.ch&noUDP&sock=startd_6300_dabe>
	SlotName: slot1_24@b9p19p9988.cern.ch
	CondorScratchDir = "/pool/condor/dir_4063792"
	Cpus = 4
	Disk = 3818
	GPUs = 0
	Memory = 8000
...
006 (7541587.005.000) 10/29 16:55:17 Image size of job updated: 253240
	248  -  MemoryUsage of job (MB)
	253240  -  ResidentSetSize of job (KB)
...
006 (7541587.005.000) 10/29 17:00:17 Image size of job updated: 1619388
	1582  -  MemoryUsage of job (MB)
	1619388  -  ResidentSetSize of job (KB)
...
006 (7541587.005.000) 10/29 17:03:31 Image size of job updated: 1619388
	1582  -  MemoryUsage of job (MB)
	1619644  -  ResidentSetSize of job (KB)
...
040 (7541587.005.000) 10/29 17:03:31 Started transferring output files
...
040 (7541587.005.000) 10/29 17:03:32 Finished transferring output files
...
005 (7541587.005.000) 10/29 17:03:32 Job terminated.
	(1) Normal termination (return value 0)
		Usr 0 00:07:28, Sys 0 00:00:09  -  Run Remote Usage
		Usr 0 00:00:00, Sys 0 00:00:00  -  Run Local Usage
		Usr 0 00:07:28, Sys 0 00:00:09  -  Total Remote Usage
		Usr 0 00:00:00, Sys 0 00:00:00  -  Total Local Usage
	13416646  -  Run Bytes Sent By Job
	482  -  Run Bytes Received By Job
	13416646  -  Total Bytes Sent By Job
	482  -  Total Bytes Received By Job
	Partitionable Resources :    Usage  Request Allocated 
	   Cpus                 :     0.18        3         4 
	   Disk (KB)            : 13167           1      3818 
	   GPUs                 :                           0 
	   Memory (MB)          :  1582        6000      8000 

	Job terminated of its own accord at 2024-10-29T16:03:31Z with exit-code 0.
...
