000 (7541587.008.000) 10/29 16:50:01 Job submitted from host: <188.185.121.235:9618?addrs=188.185.121.235-9618+[2001-1458-d00-49--100-36e]-9618&alias=bigbird22.cern.ch&noUDP&sock=schedd_2043_e813>
...
040 (7541587.008.000) 10/29 16:55:39 Started transferring input files
	Transferring to host: <188.185.196.19:9618?addrs=188.185.196.19-9618+[2001-1458-303-23--100-f]-9618&alias=b9p16p6242.cern.ch&noUDP&sock=slot1_3_2714642_9def_970>
...
040 (7541587.008.000) 10/29 16:55:39 Finished transferring input files
...
001 (7541587.008.000) 10/29 16:55:40 Job executing on host: <188.185.196.19:9618?addrs=188.185.196.19-9618+[2001-1458-303-23--100-f]-9618&alias=b9p16p6242.cern.ch&noUDP&sock=startd_5034_7bd8>
	SlotName: slot1_3@b9p16p6242.cern.ch
	CondorScratchDir = "/pool/condor/dir_3420588"
	Cpus = 3
	Disk = 3797
	GPUs = 0
	Memory = 6000
...
006 (7541587.008.000) 10/29 16:55:48 Image size of job updated: 3480
	4  -  MemoryUsage of job (MB)
	3480  -  ResidentSetSize of job (KB)
...
006 (7541587.008.000) 10/29 17:00:48 Image size of job updated: 1112084
	1087  -  MemoryUsage of job (MB)
	1112084  -  ResidentSetSize of job (KB)
...
006 (7541587.008.000) 10/29 17:05:49 Image size of job updated: 2161376
	2111  -  MemoryUsage of job (MB)
	2161376  -  ResidentSetSize of job (KB)
...
040 (7541587.008.000) 10/29 17:09:55 Started transferring output files
...
040 (7541587.008.000) 10/29 17:09:55 Finished transferring output files
...
005 (7541587.008.000) 10/29 17:09:55 Job terminated.
	(1) Normal termination (return value 0)
		Usr 0 00:10:38, Sys 0 00:00:15  -  Run Remote Usage
		Usr 0 00:00:00, Sys 0 00:00:00  -  Run Local Usage
		Usr 0 00:10:38, Sys 0 00:00:15  -  Total Remote Usage
		Usr 0 00:00:00, Sys 0 00:00:00  -  Total Local Usage
	11338719  -  Run Bytes Sent By Job
	482  -  Run Bytes Received By Job
	11338719  -  Total Bytes Sent By Job
	482  -  Total Bytes Received By Job
	Partitionable Resources :    Usage  Request Allocated 
	   Cpus                 :     0.90        3         3 
	   Disk (KB)            : 11137           1      3797 
	   GPUs                 :                           0 
	   Memory (MB)          :  2111        6000      6000 

	Job terminated of its own accord at 2024-10-29T16:09:55Z with exit-code 0.
...
