000 (7541585.002.000) 10/29 16:34:41 Job submitted from host: <188.185.121.235:9618?addrs=188.185.121.235-9618+[2001-1458-d00-49--100-36e]-9618&alias=bigbird22.cern.ch&noUDP&sock=schedd_2043_e813>
...
040 (7541585.002.000) 10/29 16:45:22 Started transferring input files
	Transferring to host: <188.185.213.142:9618?addrs=188.185.213.142-9618+[2001-1458-303-1b--100-a]-9618&alias=b9p28p1864.cern.ch&noUDP&sock=slot1_13_3814_0ed4_15481>
...
040 (7541585.002.000) 10/29 16:45:22 Finished transferring input files
...
001 (7541585.002.000) 10/29 16:45:23 Job executing on host: <188.185.213.142:9618?addrs=188.185.213.142-9618+[2001-1458-303-1b--100-a]-9618&alias=b9p28p1864.cern.ch&noUDP&sock=startd_2999_a49d>
	SlotName: slot1_13@b9p28p1864.cern.ch
	CondorScratchDir = "/pool/condor/dir_999965"
	Cpus = 4
	Disk = 3545
	GPUs = 0
	Memory = 8000
...
006 (7541585.002.000) 10/29 16:45:32 Image size of job updated: 137848
	135  -  MemoryUsage of job (MB)
	137848  -  ResidentSetSize of job (KB)
...
006 (7541585.002.000) 10/29 16:50:33 Image size of job updated: 1211612
	1184  -  MemoryUsage of job (MB)
	1211612  -  ResidentSetSize of job (KB)
...
040 (7541585.002.000) 10/29 16:53:17 Started transferring output files
...
040 (7541585.002.000) 10/29 16:53:17 Finished transferring output files
...
005 (7541585.002.000) 10/29 16:53:17 Job terminated.
	(1) Normal termination (return value 0)
		Usr 0 00:05:32, Sys 0 00:00:13  -  Run Remote Usage
		Usr 0 00:00:00, Sys 0 00:00:00  -  Run Local Usage
		Usr 0 00:05:32, Sys 0 00:00:13  -  Total Remote Usage
		Usr 0 00:00:00, Sys 0 00:00:00  -  Total Local Usage
	12867886  -  Run Bytes Sent By Job
	482  -  Run Bytes Received By Job
	12867886  -  Total Bytes Sent By Job
	482  -  Total Bytes Received By Job
	Partitionable Resources :    Usage  Request Allocated 
	   Cpus                 :     0.93        4         4 
	   Disk (KB)            : 12631           1      3545 
	   GPUs                 :                           0 
	   Memory (MB)          :  1184        8000      8000 

	Job terminated of its own accord at 2024-10-29T15:53:17Z with exit-code 0.
...
