000 (7540486.007.000) 10/29 05:39:34 Job submitted from host: <188.185.121.235:9618?addrs=188.185.121.235-9618+[2001-1458-d00-49--100-36e]-9618&alias=bigbird22.cern.ch&noUDP&sock=schedd_2043_e813>
...
040 (7540486.007.000) 10/29 05:40:09 Started transferring input files
	Transferring to host: <188.185.193.9:9618?addrs=188.185.193.9-9618+[2001-1458-303-20--100-5]-9618&alias=b9p19p9968.cern.ch&noUDP&sock=slot1_19_5950_102b_11235>
...
040 (7540486.007.000) 10/29 05:40:09 Finished transferring input files
...
001 (7540486.007.000) 10/29 05:40:10 Job executing on host: <188.185.193.9:9618?addrs=188.185.193.9-9618+[2001-1458-303-20--100-5]-9618&alias=b9p19p9968.cern.ch&noUDP&sock=startd_4510_1037>
	SlotName: slot1_19@b9p19p9968.cern.ch
	CondorScratchDir = "/pool/condor/dir_904488"
	Cpus = 3
	Disk = 3767
	GPUs = 0
	Memory = 6000
...
006 (7540486.007.000) 10/29 05:40:19 Image size of job updated: 382152
	374  -  MemoryUsage of job (MB)
	382152  -  ResidentSetSize of job (KB)
...
006 (7540486.007.000) 10/29 05:45:20 Image size of job updated: 1614368
	1577  -  MemoryUsage of job (MB)
	1614368  -  ResidentSetSize of job (KB)
...
040 (7540486.007.000) 10/29 05:50:01 Started transferring output files
...
040 (7540486.007.000) 10/29 05:50:02 Finished transferring output files
...
005 (7540486.007.000) 10/29 05:50:02 Job terminated.
	(1) Normal termination (return value 0)
		Usr 0 00:08:46, Sys 0 00:00:13  -  Run Remote Usage
		Usr 0 00:00:00, Sys 0 00:00:00  -  Run Local Usage
		Usr 0 00:08:46, Sys 0 00:00:13  -  Total Remote Usage
		Usr 0 00:00:00, Sys 0 00:00:00  -  Total Local Usage
	13960625  -  Run Bytes Sent By Job
	482  -  Run Bytes Received By Job
	13960625  -  Total Bytes Sent By Job
	482  -  Total Bytes Received By Job
	Partitionable Resources :    Usage  Request Allocated 
	   Cpus                 :     0.96        3         3 
	   Disk (KB)            : 13698           1      3767 
	   GPUs                 :                           0 
	   Memory (MB)          :  1577        6000      6000 

	Job terminated of its own accord at 2024-10-29T04:50:01Z with exit-code 0.
...
